<?xml version="1.0" encoding="UTF-8"?>
<testsuite name="ghost.GridTest" tests="3" skipped="0" failures="0" errors="0" timestamp="2020-11-22T12:37:19" hostname="nicholas-VirtualBox" time="0.017">
  <properties/>
  <testcase name="gridDetectsInvalidMapCharacters()" classname="ghost.GridTest" time="0.005"/>
  <testcase name="gridFruitEatenCorrectly()" classname="ghost.GridTest" time="0.004"/>
  <testcase name="gridLoadsCorrectly()" classname="ghost.GridTest" time="0.005"/>
  <system-out><![CDATA[]]></system-out>
  <system-err><![CDATA[]]></system-err>
</testsuite>
