<?xml version="1.0" encoding="UTF-8"?>
<testsuite name="ghost.AppTest" tests="1" skipped="0" failures="0" errors="0" timestamp="2020-11-22T12:37:19" hostname="nicholas-VirtualBox" time="0.096">
  <properties/>
  <testcase name="simpleTest()" classname="ghost.AppTest" time="0.096"/>
  <system-out><![CDATA[]]></system-out>
  <system-err><![CDATA[]]></system-err>
</testsuite>
