<?xml version="1.0" encoding="UTF-8"?>
<testsuite name="ghost.GameTest" tests="7" skipped="0" failures="0" errors="0" timestamp="2020-11-22T12:37:18" hostname="nicholas-VirtualBox" time="0.28">
  <properties/>
  <testcase name="gameSimpleWin()" classname="ghost.GameTest" time="0.175"/>
  <testcase name="gameConfigDataCorrect()" classname="ghost.GameTest" time="0.004"/>
  <testcase name="gameFrightenedMode()" classname="ghost.GameTest" time="0.016"/>
  <testcase name="gameGhostModesChange()" classname="ghost.GameTest" time="0.012"/>
  <testcase name="gameCreatedOK()" classname="ghost.GameTest" time="0.008"/>
  <testcase name="gameResetsAfterWin()" classname="ghost.GameTest" time="0.015"/>
  <testcase name="gameSimpleLose()" classname="ghost.GameTest" time="0.009"/>
  <system-out><![CDATA[0
1
0
CHASE
SCATTER
CHASE
SCATTER
CHASE
SCATTER
0
0
Dead
Game over
]]></system-out>
  <system-err><![CDATA[]]></system-err>
</testsuite>
